{"meta": {"format": 3, "version": "7.8.0", "timestamp": "2025-05-11T00:07:44.635628", "branch_coverage": true, "show_contexts": false}, "files": {"testing\\performance_monitor.py": {"executed_lines": [1, 6, 7, 8, 9, 10, 11, 12, 14, 15, 22, 23, 24, 25, 26, 28, 30, 33, 35, 36, 42, 44, 45, 46, 47, 48, 49, 50, 51, 53, 62, 63, 64, 66, 75, 80, 87, 88, 90, 91, 92, 94, 96, 97, 98, 99, 100, 101, 103, 107, 109, 111, 112, 114, 115, 116, 118, 119, 126, 128, 134, 135, 139, 140, 141, 142, 143, 144, 145, 147, 159, 160, 161, 171, 172, 175, 176, 179, 188, 193, 195, 197, 199, 200, 202, 203, 207, 208, 216, 218], "summary": {"covered_lines": 88, "num_statements": 104, "percent_covered": 83.87096774193549, "percent_covered_display": "84", "missing_lines": 16, "excluded_lines": 2, "num_branches": 20, "num_partial_branches": 4, "covered_branches": 16, "missing_branches": 4}, "missing_lines": [31, 76, 77, 78, 104, 105, 136, 137, 204, 205, 209, 210, 211, 212, 213, 214], "excluded_lines": [218, 219], "executed_branches": [[30, -28], [45, 46], [45, 51], [46, 45], [46, 47], [90, 91], [90, 94], [97, 98], [97, 107], [99, 100], [111, 112], [111, 114], [135, 139], [159, 160], [159, 171], [208, 216]], "missing_branches": [[30, 31], [99, 103], [135, 136], [208, 209]], "functions": {"PerformanceMonitor.__init__": {"executed_lines": [22, 23, 24, 25, 26], "summary": {"covered_lines": 5, "num_statements": 5, "percent_covered": 100.0, "percent_covered_display": "100", "missing_lines": 0, "excluded_lines": 0, "num_branches": 0, "num_partial_branches": 0, "covered_branches": 0, "missing_branches": 0}, "missing_lines": [], "excluded_lines": [], "executed_branches": [], "missing_branches": []}, "PerformanceMonitor.ensure_output_dir": {"executed_lines": [30], "summary": {"covered_lines": 1, "num_statements": 2, "percent_covered": 50.0, "percent_covered_display": "50", "missing_lines": 1, "excluded_lines": 0, "num_branches": 2, "num_partial_branches": 1, "covered_branches": 1, "missing_branches": 1}, "missing_lines": [31], "excluded_lines": [], "executed_branches": [[30, -28]], "missing_branches": [[30, 31]]}, "PerformanceMonitor.setup_logging": {"executed_lines": [35, 36], "summary": {"covered_lines": 2, "num_statements": 2, "percent_covered": 100.0, "percent_covered_display": "100", "missing_lines": 0, "excluded_lines": 0, "num_branches": 0, "num_partial_branches": 0, "covered_branches": 0, "missing_branches": 0}, "missing_lines": [], "excluded_lines": [], "executed_branches": [], "missing_branches": []}, "PerformanceMonitor.find_process": {"executed_lines": [44, 45, 46, 47, 48, 49, 50, 51], "summary": {"covered_lines": 8, "num_statements": 8, "percent_covered": 100.0, "percent_covered_display": "100", "missing_lines": 0, "excluded_lines": 0, "num_branches": 4, "num_partial_branches": 0, "covered_branches": 4, "missing_branches": 0}, "missing_lines": [], "excluded_lines": [], "executed_branches": [[45, 46], [45, 51], [46, 45], [46, 47]], "missing_branches": []}, "PerformanceMonitor.collect_metrics": {"executed_lines": [62, 63, 64, 66, 75], "summary": {"covered_lines": 5, "num_statements": 8, "percent_covered": 62.5, "percent_covered_display": "62", "missing_lines": 3, "excluded_lines": 0, "num_branches": 0, "num_partial_branches": 0, "covered_branches": 0, "missing_branches": 0}, "missing_lines": [76, 77, 78], "excluded_lines": [], "executed_branches": [], "missing_branches": []}, "PerformanceMonitor.start_monitoring": {"executed_lines": [87, 88, 90, 91, 92, 94, 96, 97, 98, 99, 100, 101, 103, 107], "summary": {"covered_lines": 14, "num_statements": 16, "percent_covered": 86.36363636363636, "percent_covered_display": "86", "missing_lines": 2, "excluded_lines": 0, "num_branches": 6, "num_partial_branches": 1, "covered_branches": 5, "missing_branches": 1}, "missing_lines": [104, 105], "excluded_lines": [], "executed_branches": [[90, 91], [90, 94], [97, 98], [97, 107], [99, 100]], "missing_branches": [[99, 103]]}, "PerformanceMonitor.save_metrics": {"executed_lines": [111, 112, 114, 115, 116, 118, 119, 126], "summary": {"covered_lines": 8, "num_statements": 8, "percent_covered": 100.0, "percent_covered_display": "100", "missing_lines": 0, "excluded_lines": 0, "num_branches": 2, "num_partial_branches": 0, "covered_branches": 2, "missing_branches": 0}, "missing_lines": [], "excluded_lines": [], "executed_branches": [[111, 112], [111, 114]], "missing_branches": []}, "PerformanceMonitor._get_valid_timestamps": {"executed_lines": [134, 135, 139, 140, 141, 142, 143, 144, 145], "summary": {"covered_lines": 9, "num_statements": 11, "percent_covered": 76.92307692307692, "percent_covered_display": "77", "missing_lines": 2, "excluded_lines": 0, "num_branches": 2, "num_partial_branches": 1, "covered_branches": 1, "missing_branches": 1}, "missing_lines": [136, 137], "excluded_lines": [], "executed_branches": [[135, 139]], "missing_branches": [[135, 136]]}, "PerformanceMonitor.generate_summary": {"executed_lines": [159, 160, 161, 171, 172, 175, 176, 179, 188, 193], "summary": {"covered_lines": 10, "num_statements": 10, "percent_covered": 100.0, "percent_covered_display": "100", "missing_lines": 0, "excluded_lines": 0, "num_branches": 2, "num_partial_branches": 0, "covered_branches": 2, "missing_branches": 0}, "missing_lines": [], "excluded_lines": [], "executed_branches": [[159, 160], [159, 171]], "missing_branches": []}, "main": {"executed_lines": [197, 199, 200, 202, 203, 207, 208, 216], "summary": {"covered_lines": 8, "num_statements": 16, "percent_covered": 50.0, "percent_covered_display": "50", "missing_lines": 8, "excluded_lines": 0, "num_branches": 2, "num_partial_branches": 1, "covered_branches": 1, "missing_branches": 1}, "missing_lines": [204, 205, 209, 210, 211, 212, 213, 214], "excluded_lines": [], "executed_branches": [[208, 216]], "missing_branches": [[208, 209]]}, "": {"executed_lines": [1, 6, 7, 8, 9, 10, 11, 12, 14, 15, 28, 33, 42, 53, 80, 109, 128, 147, 195, 218], "summary": {"covered_lines": 18, "num_statements": 18, "percent_covered": 100.0, "percent_covered_display": "100", "missing_lines": 0, "excluded_lines": 2, "num_branches": 0, "num_partial_branches": 0, "covered_branches": 0, "missing_branches": 0}, "missing_lines": [], "excluded_lines": [218, 219], "executed_branches": [], "missing_branches": []}}, "classes": {"PerformanceMonitor": {"executed_lines": [22, 23, 24, 25, 26, 30, 35, 36, 44, 45, 46, 47, 48, 49, 50, 51, 62, 63, 64, 66, 75, 87, 88, 90, 91, 92, 94, 96, 97, 98, 99, 100, 101, 103, 107, 111, 112, 114, 115, 116, 118, 119, 126, 134, 135, 139, 140, 141, 142, 143, 144, 145, 159, 160, 161, 171, 172, 175, 176, 179, 188, 193], "summary": {"covered_lines": 62, "num_statements": 70, "percent_covered": 87.5, "percent_covered_display": "88", "missing_lines": 8, "excluded_lines": 0, "num_branches": 18, "num_partial_branches": 3, "covered_branches": 15, "missing_branches": 3}, "missing_lines": [31, 76, 77, 78, 104, 105, 136, 137], "excluded_lines": [], "executed_branches": [[30, -28], [45, 46], [45, 51], [46, 45], [46, 47], [90, 91], [90, 94], [97, 98], [97, 107], [99, 100], [111, 112], [111, 114], [135, 139], [159, 160], [159, 171]], "missing_branches": [[30, 31], [99, 103], [135, 136]]}, "": {"executed_lines": [1, 6, 7, 8, 9, 10, 11, 12, 14, 15, 28, 33, 42, 53, 80, 109, 128, 147, 195, 197, 199, 200, 202, 203, 207, 208, 216, 218], "summary": {"covered_lines": 26, "num_statements": 34, "percent_covered": 75.0, "percent_covered_display": "75", "missing_lines": 8, "excluded_lines": 2, "num_branches": 2, "num_partial_branches": 1, "covered_branches": 1, "missing_branches": 1}, "missing_lines": [204, 205, 209, 210, 211, 212, 213, 214], "excluded_lines": [218, 219], "executed_branches": [[208, 216]], "missing_branches": [[208, 209]]}}}}, "totals": {"covered_lines": 88, "num_statements": 104, "percent_covered": 83.87096774193549, "percent_covered_display": "84", "missing_lines": 16, "excluded_lines": 2, "num_branches": 20, "num_partial_branches": 4, "covered_branches": 16, "missing_branches": 4}}